<?xml version="1.0" encoding="UTF-8"?>
<!-- Generated by org.testng.reporters.JUnitReportReporter -->
<testsuite skipped="0" hostname="LAPTOP-JFFIIMJC" name="com.Vpay.Testcases.VpayEPFCreationforAdditionalPF" tests="1" failures="0" timestamp="2020-09-21T16:29:29 IST" time="32.564" errors="0">
  <testcase name="addEPFAdmin" time="32.564" classname="com.Vpay.Testcases.VpayEPFCreationforAdditionalPF"/>
  <system-out/>
</testsuite> <!-- com.Vpay.Testcases.VpayEPFCreationforAdditionalPF -->
