<?xml version="1.0" encoding="UTF-8"?>
<!-- Generated by org.testng.reporters.JUnitReportReporter -->
<testsuite skipped="0" hostname="LAPTOP-JFFIIMJC" name="com.Vpay.Testcases.EPFCreationforEPS" tests="1" failures="0" timestamp="2020-09-21T14:46:46 IST" time="31.229" errors="0">
  <testcase name="addEPSName" time="31.229" classname="com.Vpay.Testcases.EPFCreationforEPS"/>
  <system-out/>
</testsuite> <!-- com.Vpay.Testcases.EPFCreationforEPS -->
