<?xml version="1.0" encoding="UTF-8"?>
<!-- Generated by org.testng.reporters.JUnitReportReporter -->
<testsuite skipped="0" hostname="LAPTOP-JFFIIMJC" name="com.Vpay.Testcases.VpayLoginAdminApp" tests="1" failures="0" timestamp="2020-10-12T11:55:08 IST" time="34.927" errors="0">
  <testcase name="loginaApp" time="34.927" classname="com.Vpay.Testcases.VpayLoginAdminApp"/>
  <system-out/>
</testsuite> <!-- com.Vpay.Testcases.VpayLoginAdminApp -->
